<?xml version="1.0" encoding="UTF-8"?>
<testsuite xmlns:xsi="http://www.w3.org/2001/XMLSchema-instance" xsi:noNamespaceSchemaLocation="https://maven.apache.org/surefire/maven-surefire-plugin/xsd/surefire-test-report-3.0.xsd" version="3.0" name="RegistryService.RegistryServiceApplicationTests" time="8.919" tests="1" errors="0" skipped="0" failures="0">
  <properties>
[...]
</properties>
  <testcase name="contextLoads" classname="RegistryService.RegistryServiceApplicationTests" time="0.845">
    <system-out><![CDATA[Standard Commons Logging discovery in action with spring-jcl: please remove commons-logging.jar from classpath in order to avoid potential conflicts
16:16:42.517 [main] INFO org.springframework.test.context.support.AnnotationConfigContextLoaderUtils -- Could not detect default configuration classes for test class [RegistryService.RegistryServiceApplicationTests]: RegistryServiceApplicationTests does not declare any static, non-private, non-final, nested classes annotated with @Configuration.
16:16:42.667 [main] INFO org.springframework.boot.test.context.SpringBootTestContextBootstrapper -- Found @SpringBootConfiguration RegistryService.RegistryServiceApplication for test class RegistryService.RegistryServiceApplicationTests

  .   ____          _            __ _ _
 /\\ / ___'_ __ _ _(_)_ __  __ _ \ \ \ \
( ( )\___ | '_ | '_| | '_ \/ _` | \ \ \ \
 \\/  ___)| |_)| | | | | || (_| |  ) ) ) )
  '  |____| .__|_| |_|_| |_\__, | / / / /
 =========|_|==============|___/=/_/_/_/

 :: Spring Boot ::               (v3.3.10)

2025-05-07T16:16:44.291+05:30  INFO 21700 --- [RegistryService] [           main] R.RegistryServiceApplicationTests        : Starting RegistryServiceApplicationTests using Java 23.0.1 with PID 21700 (started by Admin in D:\Data_Navigation\SBICard\RegistryService)
2025-05-07T16:16:44.294+05:30  INFO 21700 --- [RegistryService] [           main] R.RegistryServiceApplicationTests        : No active profile set, falling back to 1 default profile: "default"
2025-05-07T16:16:45.801+05:30  INFO 21700 --- [RegistryService] [           main] o.s.cloud.context.scope.GenericScope     : BeanFactory id=3b64b54e-3c4e-3805-92e6-0b8dcf3278a8
2025-05-07T16:16:46.461+05:30  INFO 21700 --- [RegistryService] [           main] o.s.v.b.OptionalValidatorFactoryBean     : Failed to set up a Bean Validation provider: jakarta.validation.NoProviderFoundException: Unable to create a Configuration, because no Jakarta Bean Validation provider could be found. Add a provider like Hibernate Validator (RI) to your classpath.
2025-05-07T16:16:47.926+05:30  INFO 21700 --- [RegistryService] [           main] o.s.cloud.commons.util.InetUtils         : Cannot determine local hostname
2025-05-07T16:16:49.486+05:30  INFO 21700 --- [RegistryService] [           main] o.s.cloud.commons.util.InetUtils         : Cannot determine local hostname
2025-05-07T16:16:49.567+05:30  WARN 21700 --- [RegistryService] [           main] iguration$LoadBalancerCaffeineWarnLogger : Spring Cloud LoadBalancer is currently working with the default cache. While this cache implementation is useful for development and tests, it's recommended to use Caffeine cache in production.You can switch to using Caffeine cache, by adding it and org.springframework.cache.caffeine.CaffeineCacheManager to the classpath.
2025-05-07T16:16:49.941+05:30  INFO 21700 --- [RegistryService] [           main] o.s.c.n.eureka.InstanceInfoFactory       : Setting initial instance status as: STARTING
2025-05-07T16:16:49.968+05:30  INFO 21700 --- [RegistryService] [           main] com.netflix.discovery.DiscoveryClient    : Initializing Eureka in region us-east-1
2025-05-07T16:16:49.969+05:30  INFO 21700 --- [RegistryService] [           main] com.netflix.discovery.DiscoveryClient    : Client configured to neither register nor query for data.
2025-05-07T16:16:49.971+05:30  INFO 21700 --- [RegistryService] [           main] com.netflix.discovery.DiscoveryClient    : Discovery Client initialized at timestamp 1746614809970 with initial instances count: 0
2025-05-07T16:16:50.019+05:30  INFO 21700 --- [RegistryService] [           main] c.n.eureka.DefaultEurekaServerContext    : Initializing ...
2025-05-07T16:16:50.021+05:30  WARN 21700 --- [RegistryService] [           main] c.n.eureka.cluster.PeerEurekaNodes       : The replica size seems to be empty. Check the route 53 DNS Registry
2025-05-07T16:16:50.054+05:30  INFO 21700 --- [RegistryService] [           main] c.n.e.registry.AbstractInstanceRegistry  : Finished initializing remote region registries. All known remote regions: []
2025-05-07T16:16:50.055+05:30  INFO 21700 --- [RegistryService] [           main] c.n.eureka.DefaultEurekaServerContext    : Initialized
2025-05-07T16:16:50.207+05:30  INFO 21700 --- [RegistryService] [           main] o.s.b.a.e.web.EndpointLinksResolver      : Exposing 1 endpoint beneath base path '/actuator'
2025-05-07T16:16:50.295+05:30  INFO 21700 --- [RegistryService] [           main] o.s.c.n.e.s.EurekaServiceRegistry        : Registering application REGISTRYSERVICE with eureka with status UP
2025-05-07T16:16:50.312+05:30  INFO 21700 --- [RegistryService] [           main] R.RegistryServiceApplicationTests        : Started RegistryServiceApplicationTests in 7.491 seconds (process running for 8.666)
2025-05-07T16:16:50.318+05:30  INFO 21700 --- [RegistryService] [      Thread-11] o.s.c.n.e.server.EurekaServerBootstrap   : isAws returned false
2025-05-07T16:16:50.318+05:30  INFO 21700 --- [RegistryService] [      Thread-11] o.s.c.n.e.server.EurekaServerBootstrap   : Initialized server context
2025-05-07T16:16:50.319+05:30  INFO 21700 --- [RegistryService] [      Thread-11] c.n.e.r.PeerAwareInstanceRegistryImpl    : Got 1 instances from neighboring DS node
2025-05-07T16:16:50.319+05:30  INFO 21700 --- [RegistryService] [      Thread-11] c.n.e.r.PeerAwareInstanceRegistryImpl    : Renew threshold is: 1
2025-05-07T16:16:50.319+05:30  INFO 21700 --- [RegistryService] [      Thread-11] c.n.e.r.PeerAwareInstanceRegistryImpl    : Changing status to UP
2025-05-07T16:16:50.322+05:30  INFO 21700 --- [RegistryService] [      Thread-11] e.s.EurekaServerInitializerConfiguration : Started Eureka Server
]]></system-out>
    <system-err><![CDATA[WARNING: A Java agent has been loaded dynamically (C:\Users\Admin\.m2\repository\net\bytebuddy\byte-buddy-agent\1.14.19\byte-buddy-agent-1.14.19.jar)
WARNING: If a serviceability tool is in use, please run with -XX:+EnableDynamicAgentLoading to hide this warning
WARNING: If a serviceability tool is not in use, please run with -Djdk.instrument.traceUsage for more information
WARNING: Dynamic loading of agents will be disallowed by default in a future release
]]></system-err>
  </testcase>
</testsuite>